This is pdfTeX, Version 3.141592653-2.6-1.40.23 (TeX Live 2021/W32TeX) (preloaded format=pdflatex 2021.9.2)  3 SEP 2021 02:26
entering extended mode
 restricted \write18 enabled.
 %&-line parsing enabled.
**01tarea.tex
(./01tarea.tex
LaTeX2e <2021-06-01> patch level 1
L3 programming layer <2021-08-27>
(c:/Users/Valentina Andrade/AppData/Roaming/TinyTeX/texmf-dist/tex/latex/base/a
rticle.cls
Document Class: article 2021/02/12 v1.4n Standard LaTeX document class

(c:/Users/Valentina Andrade/AppData/Roaming/TinyTeX/texmf-dist/tex/latex/base/s
ize10.clo
File: size10.clo 2021/02/12 v1.4n Standard LaTeX file (size option)
)
\c@part=\count182
\c@section=\count183
\c@subsection=\count184
\c@subsubsection=\count185
\c@paragraph=\count186
\c@subparagraph=\count187
\c@figure=\count188
\c@table=\count189
\abovecaptionskip=\skip47
\belowcaptionskip=\skip48
\bibindent=\dimen138
)
(c:/Users/Valentina Andrade/AppData/Roaming/TinyTeX/texmf-dist/tex/latex/amsmat
h/amsmath.sty
Package: amsmath 2021/04/20 v2.17j AMS math features
\@mathmargin=\skip49
For additional information on amsmath, use the `?' option.

(c:/Users/Valentina Andrade/AppData/Roaming/TinyTeX/texmf-dist/tex/latex/amsmat
h/amstext.sty
Package: amstext 2000/06/29 v2.01 AMS text

(c:/Users/Valentina Andrade/AppData/Roaming/TinyTeX/texmf-dist/tex/latex/amsmat
h/amsgen.sty
File: amsgen.sty 1999/11/30 v2.0 generic functions
\@emptytoks=\toks16
\ex@=\dimen139
))
(c:/Users/Valentina Andrade/AppData/Roaming/TinyTeX/texmf-dist/tex/latex/amsmat
h/amsbsy.sty
Package: amsbsy 1999/11/29 v1.2d Bold Symbols
\pmbraise@=\dimen140
)
(c:/Users/Valentina Andrade/AppData/Roaming/TinyTeX/texmf-dist/tex/latex/amsmat
h/amsopn.sty
Package: amsopn 2016/03/08 v2.02 operator names
)
\inf@bad=\count190
LaTeX Info: Redefining \frac on input line 234.
\uproot@=\count191
\leftroot@=\count192
LaTeX Info: Redefining \overline on input line 399.
\classnum@=\count193
\DOTSCASE@=\count194
LaTeX Info: Redefining \ldots on input line 496.
LaTeX Info: Redefining \dots on input line 499.
LaTeX Info: Redefining \cdots on input line 620.
\Mathstrutbox@=\box50
\strutbox@=\box51
\big@size=\dimen141
LaTeX Font Info:    Redeclaring font encoding OML on input line 743.
LaTeX Font Info:    Redeclaring font encoding OMS on input line 744.
\macc@depth=\count195
\c@MaxMatrixCols=\count196
\dotsspace@=\muskip16
\c@parentequation=\count197
\dspbrk@lvl=\count198
\tag@help=\toks17
\row@=\count199
\column@=\count266
\maxfields@=\count267
\andhelp@=\toks18
\eqnshift@=\dimen142
\alignsep@=\dimen143
\tagshift@=\dimen144
\tagwidth@=\dimen145
\totwidth@=\dimen146
\lineht@=\dimen147
\@envbody=\toks19
\multlinegap=\skip50
\multlinetaggap=\skip51
\mathdisplay@stack=\toks20
LaTeX Info: Redefining \[ on input line 2923.
LaTeX Info: Redefining \] on input line 2924.
)
(c:/Users/Valentina Andrade/AppData/Roaming/TinyTeX/texmf-dist/tex/latex/amsfon
ts/amssymb.sty
Package: amssymb 2013/01/14 v3.01 AMS font symbols

(c:/Users/Valentina Andrade/AppData/Roaming/TinyTeX/texmf-dist/tex/latex/amsfon
ts/amsfonts.sty
Package: amsfonts 2013/01/14 v3.01 Basic AMSFonts support
\symAMSa=\mathgroup4
\symAMSb=\mathgroup5
LaTeX Font Info:    Redeclaring math symbol \hbar on input line 98.
LaTeX Font Info:    Overwriting math alphabet `\mathfrak' in version `bold'
(Font)                  U/euf/m/n --> U/euf/b/n on input line 106.
))
(c:/Users/Valentina Andrade/AppData/Roaming/TinyTeX/texmf-dist/tex/latex/lm/lmo
dern.sty
Package: lmodern 2015/05/01 v1.6.1 Latin Modern Fonts
LaTeX Font Info:    Overwriting symbol font `operators' in version `normal'
(Font)                  OT1/cmr/m/n --> OT1/lmr/m/n on input line 22.
LaTeX Font Info:    Overwriting symbol font `letters' in version `normal'
(Font)                  OML/cmm/m/it --> OML/lmm/m/it on input line 23.
LaTeX Font Info:    Overwriting symbol font `symbols' in version `normal'
(Font)                  OMS/cmsy/m/n --> OMS/lmsy/m/n on input line 24.
LaTeX Font Info:    Overwriting symbol font `largesymbols' in version `normal'
(Font)                  OMX/cmex/m/n --> OMX/lmex/m/n on input line 25.
LaTeX Font Info:    Overwriting symbol font `operators' in version `bold'
(Font)                  OT1/cmr/bx/n --> OT1/lmr/bx/n on input line 26.
LaTeX Font Info:    Overwriting symbol font `letters' in version `bold'
(Font)                  OML/cmm/b/it --> OML/lmm/b/it on input line 27.
LaTeX Font Info:    Overwriting symbol font `symbols' in version `bold'
(Font)                  OMS/cmsy/b/n --> OMS/lmsy/b/n on input line 28.
LaTeX Font Info:    Overwriting symbol font `largesymbols' in version `bold'
(Font)                  OMX/cmex/m/n --> OMX/lmex/m/n on input line 29.
LaTeX Font Info:    Overwriting math alphabet `\mathbf' in version `normal'
(Font)                  OT1/cmr/bx/n --> OT1/lmr/bx/n on input line 31.
LaTeX Font Info:    Overwriting math alphabet `\mathsf' in version `normal'
(Font)                  OT1/cmss/m/n --> OT1/lmss/m/n on input line 32.
LaTeX Font Info:    Overwriting math alphabet `\mathit' in version `normal'
(Font)                  OT1/cmr/m/it --> OT1/lmr/m/it on input line 33.
LaTeX Font Info:    Overwriting math alphabet `\mathtt' in version `normal'
(Font)                  OT1/cmtt/m/n --> OT1/lmtt/m/n on input line 34.
LaTeX Font Info:    Overwriting math alphabet `\mathbf' in version `bold'
(Font)                  OT1/cmr/bx/n --> OT1/lmr/bx/n on input line 35.
LaTeX Font Info:    Overwriting math alphabet `\mathsf' in version `bold'
(Font)                  OT1/cmss/bx/n --> OT1/lmss/bx/n on input line 36.
LaTeX Font Info:    Overwriting math alphabet `\mathit' in version `bold'
(Font)                  OT1/cmr/bx/it --> OT1/lmr/bx/it on input line 37.
LaTeX Font Info:    Overwriting math alphabet `\mathtt' in version `bold'
(Font)                  OT1/cmtt/m/n --> OT1/lmtt/m/n on input line 38.
)
(c:/Users/Valentina Andrade/AppData/Roaming/TinyTeX/texmf-dist/tex/generic/ifte
x/ifxetex.sty
Package: ifxetex 2019/10/25 v0.7 ifxetex legacy package. Use iftex instead.

(c:/Users/Valentina Andrade/AppData/Roaming/TinyTeX/texmf-dist/tex/generic/ifte
x/iftex.sty
Package: iftex 2020/03/06 v1.0d TeX engine tests
))
(c:/Users/Valentina Andrade/AppData/Roaming/TinyTeX/texmf-dist/tex/generic/ifte
x/ifluatex.sty
Package: ifluatex 2019/10/25 v1.5 ifluatex legacy package. Use iftex instead.
)
(c:/Users/Valentina Andrade/AppData/Roaming/TinyTeX/texmf-dist/tex/latex/base/f
ontenc.sty
Package: fontenc 2021/04/29 v2.0v Standard LaTeX package
LaTeX Font Info:    Trying to load font information for T1+lmr on input line 11
2.

(c:/Users/Valentina Andrade/AppData/Roaming/TinyTeX/texmf-dist/tex/latex/lm/t1l
mr.fd
File: t1lmr.fd 2015/05/01 v1.6.1 Font defs for Latin Modern
))
(c:/Users/Valentina Andrade/AppData/Roaming/TinyTeX/texmf-dist/tex/latex/base/i
nputenc.sty
Package: inputenc 2021/02/14 v1.3d Input encoding file
\inpenc@prehook=\toks21
\inpenc@posthook=\toks22
)
(c:/Users/Valentina Andrade/AppData/Roaming/TinyTeX/texmf-dist/tex/latex/base/t
extcomp.sty
Package: textcomp 2020/02/02 v2.0n Standard LaTeX package
)
(c:/Users/Valentina Andrade/AppData/Roaming/TinyTeX/texmf-dist/tex/latex/upquot
e/upquote.sty
Package: upquote 2012/04/19 v1.3 upright-quote and grave-accent glyphs in verba
tim
)
(c:/Users/Valentina Andrade/AppData/Roaming/TinyTeX/texmf-dist/tex/latex/xcolor
/xcolor.sty
Package: xcolor 2016/05/11 v2.12 LaTeX color extensions (UK)

(c:/Users/Valentina Andrade/AppData/Roaming/TinyTeX/texmf-dist/tex/latex/graphi
cs-cfg/color.cfg
File: color.cfg 2016/01/02 v1.6 sample color configuration
)
Package xcolor Info: Driver file: pdftex.def on input line 225.

(c:/Users/Valentina Andrade/AppData/Roaming/TinyTeX/texmf-dist/tex/latex/graphi
cs-def/pdftex.def
File: pdftex.def 2020/10/05 v1.2a Graphics/color driver for pdftex
)
Package xcolor Info: Model `cmy' substituted by `cmy0' on input line 1348.
Package xcolor Info: Model `hsb' substituted by `rgb' on input line 1352.
Package xcolor Info: Model `RGB' extended on input line 1364.
Package xcolor Info: Model `HTML' substituted by `rgb' on input line 1366.
Package xcolor Info: Model `Hsb' substituted by `hsb' on input line 1367.
Package xcolor Info: Model `tHsb' substituted by `hsb' on input line 1368.
Package xcolor Info: Model `HSB' substituted by `hsb' on input line 1369.
Package xcolor Info: Model `Gray' substituted by `gray' on input line 1370.
Package xcolor Info: Model `wave' substituted by `hsb' on input line 1371.

(c:/Users/Valentina Andrade/AppData/Roaming/TinyTeX/texmf-dist/tex/latex/graphi
cs/dvipsnam.def
File: dvipsnam.def 2016/06/17 v3.0m Driver-dependent file (DPC,SPQR)
)
(c:/Users/Valentina Andrade/AppData/Roaming/TinyTeX/texmf-dist/tex/latex/xcolor
/svgnam.def
File: svgnam.def 2016/05/11 v2.12 Predefined colors according to SVG 1.1 (UK)
)
(c:/Users/Valentina Andrade/AppData/Roaming/TinyTeX/texmf-dist/tex/latex/xcolor
/x11nam.def
File: x11nam.def 2016/05/11 v2.12 Predefined colors according to Unix/X11 (UK)
))
(c:/Users/Valentina Andrade/AppData/Roaming/TinyTeX/texmf-dist/tex/latex/hyperr
ef/hyperref.sty
Package: hyperref 2021-06-07 v7.00m Hypertext links for LaTeX

(c:/Users/Valentina Andrade/AppData/Roaming/TinyTeX/texmf-dist/tex/generic/ltxc
mds/ltxcmds.sty
Package: ltxcmds 2020-05-10 v1.25 LaTeX kernel commands for general use (HO)
)
(c:/Users/Valentina Andrade/AppData/Roaming/TinyTeX/texmf-dist/tex/generic/pdft
excmds/pdftexcmds.sty
Package: pdftexcmds 2020-06-27 v0.33 Utility functions of pdfTeX for LuaTeX (HO
)

(c:/Users/Valentina Andrade/AppData/Roaming/TinyTeX/texmf-dist/tex/generic/infw
arerr/infwarerr.sty
Package: infwarerr 2019/12/03 v1.5 Providing info/warning/error messages (HO)
)
Package pdftexcmds Info: \pdf@primitive is available.
Package pdftexcmds Info: \pdf@ifprimitive is available.
Package pdftexcmds Info: \pdfdraftmode found.
)
(c:/Users/Valentina Andrade/AppData/Roaming/TinyTeX/texmf-dist/tex/latex/graphi
cs/keyval.sty
Package: keyval 2014/10/28 v1.15 key=value parser (DPC)
\KV@toks@=\toks23
)
(c:/Users/Valentina Andrade/AppData/Roaming/TinyTeX/texmf-dist/tex/generic/kvse
tkeys/kvsetkeys.sty
Package: kvsetkeys 2019/12/15 v1.18 Key value parser (HO)
)
(c:/Users/Valentina Andrade/AppData/Roaming/TinyTeX/texmf-dist/tex/generic/kvde
finekeys/kvdefinekeys.sty
Package: kvdefinekeys 2019-12-19 v1.6 Define keys (HO)
)
(c:/Users/Valentina Andrade/AppData/Roaming/TinyTeX/texmf-dist/tex/generic/pdfe
scape/pdfescape.sty
Package: pdfescape 2019/12/09 v1.15 Implements pdfTeX's escape features (HO)
)
(c:/Users/Valentina Andrade/AppData/Roaming/TinyTeX/texmf-dist/tex/latex/hycolo
r/hycolor.sty
Package: hycolor 2020-01-27 v1.10 Color options for hyperref/bookmark (HO)
)
(c:/Users/Valentina Andrade/AppData/Roaming/TinyTeX/texmf-dist/tex/latex/letltx
macro/letltxmacro.sty
Package: letltxmacro 2019/12/03 v1.6 Let assignment for LaTeX macros (HO)
)
(c:/Users/Valentina Andrade/AppData/Roaming/TinyTeX/texmf-dist/tex/latex/auxhoo
k/auxhook.sty
Package: auxhook 2019-12-17 v1.6 Hooks for auxiliary files (HO)
)
(c:/Users/Valentina Andrade/AppData/Roaming/TinyTeX/texmf-dist/tex/latex/kvopti
ons/kvoptions.sty
Package: kvoptions 2020-10-07 v3.14 Key value format for package options (HO)
)
\@linkdim=\dimen148
\Hy@linkcounter=\count268
\Hy@pagecounter=\count269

(c:/Users/Valentina Andrade/AppData/Roaming/TinyTeX/texmf-dist/tex/latex/hyperr
ef/pd1enc.def
File: pd1enc.def 2021-06-07 v7.00m Hyperref: PDFDocEncoding definition (HO)
Now handling font encoding PD1 ...
... no UTF-8 mapping file for font encoding PD1
)
(c:/Users/Valentina Andrade/AppData/Roaming/TinyTeX/texmf-dist/tex/latex/hyperr
ef/hyperref-langpatches.def
File: hyperref-langpatches.def 2021-06-07 v7.00m Hyperref: patches for babel la
nguages
)
(c:/Users/Valentina Andrade/AppData/Roaming/TinyTeX/texmf-dist/tex/generic/intc
alc/intcalc.sty
Package: intcalc 2019/12/15 v1.3 Expandable calculations with integers (HO)
)
(c:/Users/Valentina Andrade/AppData/Roaming/TinyTeX/texmf-dist/tex/generic/etex
cmds/etexcmds.sty
Package: etexcmds 2019/12/15 v1.7 Avoid name clashes with e-TeX commands (HO)
)
\Hy@SavedSpaceFactor=\count270

(c:/Users/Valentina Andrade/AppData/Roaming/TinyTeX/texmf-dist/tex/latex/hyperr
ef/puenc.def
File: puenc.def 2021-06-07 v7.00m Hyperref: PDF Unicode definition (HO)
Now handling font encoding PU ...
... no UTF-8 mapping file for font encoding PU
)
Package hyperref Info: Option `unicode' set `true' on input line 4073.
Package hyperref Info: Hyper figures OFF on input line 4192.
Package hyperref Info: Link nesting OFF on input line 4197.
Package hyperref Info: Hyper index ON on input line 4200.
Package hyperref Info: Plain pages OFF on input line 4207.
Package hyperref Info: Backreferencing OFF on input line 4212.
Package hyperref Info: Implicit mode ON; LaTeX internals redefined.
Package hyperref Info: Bookmarks ON on input line 4445.
\c@Hy@tempcnt=\count271

(c:/Users/Valentina Andrade/AppData/Roaming/TinyTeX/texmf-dist/tex/latex/url/ur
l.sty
\Urlmuskip=\muskip17
Package: url 2013/09/16  ver 3.4  Verb mode for urls, etc.
)
LaTeX Info: Redefining \url on input line 4804.
\XeTeXLinkMargin=\dimen149

(c:/Users/Valentina Andrade/AppData/Roaming/TinyTeX/texmf-dist/tex/generic/bits
et/bitset.sty
Package: bitset 2019/12/09 v1.3 Handle bit-vector datatype (HO)

(c:/Users/Valentina Andrade/AppData/Roaming/TinyTeX/texmf-dist/tex/generic/bigi
ntcalc/bigintcalc.sty
Package: bigintcalc 2019/12/15 v1.5 Expandable calculations on big integers (HO
)
))
\Fld@menulength=\count272
\Field@Width=\dimen150
\Fld@charsize=\dimen151
Package hyperref Info: Hyper figures OFF on input line 6076.
Package hyperref Info: Link nesting OFF on input line 6081.
Package hyperref Info: Hyper index ON on input line 6084.
Package hyperref Info: backreferencing OFF on input line 6091.
Package hyperref Info: Link coloring OFF on input line 6096.
Package hyperref Info: Link coloring with OCG OFF on input line 6101.
Package hyperref Info: PDF/A mode OFF on input line 6106.
LaTeX Info: Redefining \ref on input line 6146.
LaTeX Info: Redefining \pageref on input line 6150.

(c:/Users/Valentina Andrade/AppData/Roaming/TinyTeX/texmf-dist/tex/latex/base/a
tbegshi-ltx.sty
Package: atbegshi-ltx 2021/01/10 v1.0c Emulation of the original atbegshi
package with kernel methods
)
\Hy@abspage=\count273
\c@Item=\count274
\c@Hfootnote=\count275
)
Package hyperref Info: Driver (autodetected): hpdftex.

(c:/Users/Valentina Andrade/AppData/Roaming/TinyTeX/texmf-dist/tex/latex/hyperr
ef/hpdftex.def
File: hpdftex.def 2021-06-07 v7.00m Hyperref driver for pdfTeX

(c:/Users/Valentina Andrade/AppData/Roaming/TinyTeX/texmf-dist/tex/latex/base/a
tveryend-ltx.sty
Package: atveryend-ltx 2020/08/19 v1.0a Emulation of the original atvery packag
e
with kernel methods
)
\Fld@listcount=\count276
\c@bookmark@seq@number=\count277

(c:/Users/Valentina Andrade/AppData/Roaming/TinyTeX/texmf-dist/tex/latex/rerunf
ilecheck/rerunfilecheck.sty
Package: rerunfilecheck 2019/12/05 v1.9 Rerun checks for auxiliary files (HO)

(c:/Users/Valentina Andrade/AppData/Roaming/TinyTeX/texmf-dist/tex/generic/uniq
uecounter/uniquecounter.sty
Package: uniquecounter 2019/12/15 v1.4 Provide unlimited unique counter (HO)
)
Package uniquecounter Info: New unique counter `rerunfilecheck' on input line 2
86.
)
\Hy@SectionHShift=\skip52
)
Package hyperref Info: Option `colorlinks' set `true' on input line 48.

(c:/Users/Valentina Andrade/AppData/Roaming/TinyTeX/texmf-dist/tex/latex/geomet
ry/geometry.sty
Package: geometry 2020/01/02 v5.9 Page Geometry

(c:/Users/Valentina Andrade/AppData/Roaming/TinyTeX/texmf-dist/tex/generic/ifte
x/ifvtex.sty
Package: ifvtex 2019/10/25 v1.7 ifvtex legacy package. Use iftex instead.
)
\Gm@cnth=\count278
\Gm@cntv=\count279
\c@Gm@tempcnt=\count280
\Gm@bindingoffset=\dimen152
\Gm@wd@mp=\dimen153
\Gm@odd@mp=\dimen154
\Gm@even@mp=\dimen155
\Gm@layoutwidth=\dimen156
\Gm@layoutheight=\dimen157
\Gm@layouthoffset=\dimen158
\Gm@layoutvoffset=\dimen159
\Gm@dimlist=\toks24
)
(c:/Users/Valentina Andrade/AppData/Roaming/TinyTeX/texmf-dist/tex/latex/tools/
longtable.sty
Package: longtable 2021-05-07 v4.16 Multi-page Table package (DPC)
\LTleft=\skip53
\LTright=\skip54
\LTpre=\skip55
\LTpost=\skip56
\LTchunksize=\count281
\LTcapwidth=\dimen160
\LT@head=\box52
\LT@firsthead=\box53
\LT@foot=\box54
\LT@lastfoot=\box55
\LT@gbox=\box56
\LT@cols=\count282
\LT@rows=\count283
\c@LT@tables=\count284
\c@LT@chunks=\count285
\LT@p@ftn=\toks25
)
(c:/Users/Valentina Andrade/AppData/Roaming/TinyTeX/texmf-dist/tex/latex/bookta
bs/booktabs.sty
Package: booktabs 2020/01/12 v1.61803398 Publication quality tables
\heavyrulewidth=\dimen161
\lightrulewidth=\dimen162
\cmidrulewidth=\dimen163
\belowrulesep=\dimen164
\belowbottomsep=\dimen165
\aboverulesep=\dimen166
\abovetopsep=\dimen167
\cmidrulesep=\dimen168
\cmidrulekern=\dimen169
\defaultaddspace=\dimen170
\@cmidla=\count286
\@cmidlb=\count287
\@aboverulesep=\dimen171
\@belowrulesep=\dimen172
\@thisruleclass=\count288
\@lastruleclass=\count289
\@thisrulewidth=\dimen173
)
(c:/Users/Valentina Andrade/AppData/Roaming/TinyTeX/texmf-dist/tex/latex/tools/
array.sty
Package: array 2021/04/20 v2.5e Tabular extension package (FMi)
\col@sep=\dimen174
\ar@mcellbox=\box57
\extrarowheight=\dimen175
\NC@list=\toks26
\extratabsurround=\skip57
\backup@length=\skip58
\ar@cellbox=\box58
)
(c:/Users/Valentina Andrade/AppData/Roaming/TinyTeX/texmf-dist/tex/latex/tools/
calc.sty
Package: calc 2017/05/25 v4.3 Infix arithmetic (KKT,FJ)
\calc@Acount=\count290
\calc@Bcount=\count291
\calc@Adimen=\dimen176
\calc@Bdimen=\dimen177
\calc@Askip=\skip59
\calc@Bskip=\skip60
LaTeX Info: Redefining \setlength on input line 80.
LaTeX Info: Redefining \addtolength on input line 81.
\calc@Ccount=\count292
\calc@Cskip=\skip61
)
(c:/Users/Valentina Andrade/AppData/Roaming/TinyTeX/texmf-dist/tex/latex/etoolb
ox/etoolbox.sty
Package: etoolbox 2020/10/05 v2.5k e-TeX tools for LaTeX (JAW)
\etb@tempcnta=\count293
)
(c:/Users/Valentina Andrade/AppData/Roaming/TinyTeX/texmf-dist/tex/latex/mdwtoo
ls/footnote.sty
Package: footnote 1997/01/28 1.13 Save footnotes around boxes
\fn@notes=\box59
\fn@width=\dimen178
)
(c:/Users/Valentina Andrade/AppData/Roaming/TinyTeX/texmf-dist/tex/latex/graphi
cs/graphicx.sty
Package: graphicx 2020/12/05 v1.2c Enhanced LaTeX Graphics (DPC,SPQR)

(c:/Users/Valentina Andrade/AppData/Roaming/TinyTeX/texmf-dist/tex/latex/graphi
cs/graphics.sty
Package: graphics 2021/03/04 v1.4d Standard LaTeX Graphics (DPC,SPQR)

(c:/Users/Valentina Andrade/AppData/Roaming/TinyTeX/texmf-dist/tex/latex/graphi
cs/trig.sty
Package: trig 2016/01/03 v1.10 sin cos tan (DPC)
)
(c:/Users/Valentina Andrade/AppData/Roaming/TinyTeX/texmf-dist/tex/latex/graphi
cs-cfg/graphics.cfg
File: graphics.cfg 2016/06/04 v1.11 sample graphics configuration
)
Package graphics Info: Driver file: pdftex.def on input line 107.
)
\Gin@req@height=\dimen179
\Gin@req@width=\dimen180
)
(c:/Users/Valentina Andrade/AppData/Roaming/TinyTeX/texmf-dist/tex/latex/titlin
g/titling.sty
Package: titling 2009/09/04 v2.1d maketitle typesetting
\thanksmarkwidth=\skip62
\thanksmargin=\skip63
\droptitle=\skip64
)
(c:/Users/Valentina Andrade/AppData/Roaming/TinyTeX/texmf-dist/tex/generic/babe
l/babel.sty
Package: babel 2021/07/22 3.63 The Babel package

(c:/Users/Valentina Andrade/AppData/Roaming/TinyTeX/texmf-dist/tex/generic/babe
l/babel.def
File: babel.def 2021/07/22 3.63 Babel common definitions
\babel@savecnt=\count294
\U@D=\dimen181
\l@unhyphenated=\language4

(c:/Users/Valentina Andrade/AppData/Roaming/TinyTeX/texmf-dist/tex/generic/babe
l/txtbabel.def)
\bbl@readstream=\read2
)
\bbl@dirlevel=\count295

(c:/Users/Valentina Andrade/AppData/Roaming/TinyTeX/texmf-dist/tex/generic/babe
l-spanish/spanish.ldf
Language: spanish.ldf 2016/03/03 v5.0p Spanish support from the babel system
\es@quottoks=\toks27
\es@quotdepth=\count296
Package babel Info: Making " an active character on input line 561.
Package babel Info: Making . an active character on input line 662.
Package babel Info: Making < an active character on input line 707.
Package babel Info: Making > an active character on input line 707.
)
(c:/Users/Valentina Andrade/AppData/Roaming/TinyTeX/texmf-dist/tex/generic/babe
l-spanish/spanish.ldf
Language: spanish.ldf 2016/03/03 v5.0p Spanish support from the babel system
))
(c:/Users/Valentina Andrade/AppData/Roaming/TinyTeX/texmf-dist/tex/latex/l3back
end/l3backend-pdftex.def
File: l3backend-pdftex.def 2021-08-04 L3 backend support: PDF output (pdfTeX)
\l__color_backend_stack_int=\count297
\l__pdf_internal_box=\box60
)

LaTeX Warning: Unused global option(s):
    [14pt].

(./01tarea.aux
LaTeX Info: Redefining \. on input line 25.
LaTeX Info: Redefining \% on input line 25.
)
\openout1 = `01tarea.aux'.

LaTeX Font Info:    Checking defaults for OML/cmm/m/it on input line 110.
LaTeX Font Info:    ... okay on input line 110.
LaTeX Font Info:    Checking defaults for OMS/cmsy/m/n on input line 110.
LaTeX Font Info:    ... okay on input line 110.
LaTeX Font Info:    Checking defaults for OT1/cmr/m/n on input line 110.
LaTeX Font Info:    ... okay on input line 110.
LaTeX Font Info:    Checking defaults for T1/cmr/m/n on input line 110.
LaTeX Font Info:    ... okay on input line 110.
LaTeX Font Info:    Checking defaults for TS1/cmr/m/n on input line 110.
LaTeX Font Info:    ... okay on input line 110.
LaTeX Font Info:    Checking defaults for OMX/cmex/m/n on input line 110.
LaTeX Font Info:    ... okay on input line 110.
LaTeX Font Info:    Checking defaults for U/cmr/m/n on input line 110.
LaTeX Font Info:    ... okay on input line 110.
LaTeX Font Info:    Checking defaults for PD1/pdf/m/n on input line 110.
LaTeX Font Info:    ... okay on input line 110.
LaTeX Font Info:    Checking defaults for PU/pdf/m/n on input line 110.
LaTeX Font Info:    ... okay on input line 110.

(c:/Users/Valentina Andrade/AppData/Roaming/TinyTeX/texmf-dist/tex/latex/epstop
df-pkg/epstopdf-base.sty
Package: epstopdf-base 2020-01-24 v2.11 Base part for package epstopdf

(c:/Users/Valentina Andrade/AppData/Roaming/TinyTeX/texmf-dist/tex/latex/grfext
/grfext.sty
Package: grfext 2019/12/03 v1.3 Manage graphics extensions (HO)
)
Package epstopdf-base Info: Redefining graphics rule for `.eps' on input line 4
85.
Package grfext Info: Graphics extension search list:
(grfext)             [.pdf,.png,.jpg,.mps,.jpeg,.jbig2,.jb2,.PDF,.PNG,.JPG,.JPE
G,.JBIG2,.JB2,.eps]
(grfext)             \AppendGraphicsExtensions on input line 504.

(c:/Users/Valentina Andrade/AppData/Roaming/TinyTeX/texmf-dist/tex/latex/latexc
onfig/epstopdf-sys.cfg
File: epstopdf-sys.cfg 2010/07/13 v1.3 Configuration of (r)epstopdf for TeX Liv
e
))
Package hyperref Info: Link coloring ON on input line 110.

(c:/Users/Valentina Andrade/AppData/Roaming/TinyTeX/texmf-dist/tex/latex/hyperr
ef/nameref.sty
Package: nameref 2021-04-02 v2.47 Cross-referencing by name of section

(c:/Users/Valentina Andrade/AppData/Roaming/TinyTeX/texmf-dist/tex/latex/refcou
nt/refcount.sty
Package: refcount 2019/12/15 v3.6 Data extraction from label references (HO)
)
(c:/Users/Valentina Andrade/AppData/Roaming/TinyTeX/texmf-dist/tex/generic/gett
itlestring/gettitlestring.sty
Package: gettitlestring 2019/12/15 v1.6 Cleanup title references (HO)
)
\c@section@level=\count298
)
LaTeX Info: Redefining \ref on input line 110.
LaTeX Info: Redefining \pageref on input line 110.
LaTeX Info: Redefining \nameref on input line 110.
(./01tarea.out) (./01tarea.out)
\@outlinefile=\write3
\openout3 = `01tarea.out'.

*geometry* driver: auto-detecting
*geometry* detected driver: pdftex
*geometry* verbose mode - [ preamble ] result:
* driver: pdftex
* paper: <default>
* layout: <same size as paper>
* layoutoffset:(h,v)=(0.0pt,0.0pt)
* modes: 
* h-part:(L,W,R)=(72.26999pt, 469.75502pt, 72.26999pt)
* v-part:(T,H,B)=(72.26999pt, 650.43001pt, 72.26999pt)
* \paperwidth=614.295pt
* \paperheight=794.96999pt
* \textwidth=469.75502pt
* \textheight=650.43001pt
* \oddsidemargin=0.0pt
* \evensidemargin=0.0pt
* \topmargin=-37.0pt
* \headheight=12.0pt
* \headsep=25.0pt
* \topskip=10.0pt
* \footskip=30.0pt
* \marginparwidth=65.0pt
* \marginparsep=11.0pt
* \columnsep=10.0pt
* \skip\footins=9.0pt plus 4.0pt minus 2.0pt
* \hoffset=0.0pt
* \voffset=0.0pt
* \mag=1000
* \@twocolumnfalse
* \@twosidefalse
* \@mparswitchfalse
* \@reversemarginfalse
* (1in=72.27pt=25.4mm, 1cm=28.453pt)

LaTeX Info: Redefining \. on input line 110.
LaTeX Info: Redefining \% on input line 110.
<../img/logo-ie-uc.png, id=28, 246.6816pt x 158.994pt>
File: ../img/logo-ie-uc.png Graphic file (type png)
<use ../img/logo-ie-uc.png>
Package pdftex.def Info: ../img/logo-ie-uc.png  used on input line 111.
(pdftex.def)             Requested size: 170.72238pt x 110.03592pt.
LaTeX Font Info:    Trying to load font information for TS1+lmr on input line 1
11.

(c:/Users/Valentina Andrade/AppData/Roaming/TinyTeX/texmf-dist/tex/latex/lm/ts1
lmr.fd
File: ts1lmr.fd 2015/05/01 v1.6.1 Font defs for Latin Modern
)
LaTeX Font Info:    Trying to load font information for OT1+lmr on input line 1
11.

(c:/Users/Valentina Andrade/AppData/Roaming/TinyTeX/texmf-dist/tex/latex/lm/ot1
lmr.fd
File: ot1lmr.fd 2015/05/01 v1.6.1 Font defs for Latin Modern
)
LaTeX Font Info:    Trying to load font information for OML+lmm on input line 1
11.

(c:/Users/Valentina Andrade/AppData/Roaming/TinyTeX/texmf-dist/tex/latex/lm/oml
lmm.fd
File: omllmm.fd 2015/05/01 v1.6.1 Font defs for Latin Modern
)
LaTeX Font Info:    Trying to load font information for OMS+lmsy on input line 
111.

(c:/Users/Valentina Andrade/AppData/Roaming/TinyTeX/texmf-dist/tex/latex/lm/oms
lmsy.fd
File: omslmsy.fd 2015/05/01 v1.6.1 Font defs for Latin Modern
)
LaTeX Font Info:    Trying to load font information for OMX+lmex on input line 
111.

(c:/Users/Valentina Andrade/AppData/Roaming/TinyTeX/texmf-dist/tex/latex/lm/omx
lmex.fd
File: omxlmex.fd 2015/05/01 v1.6.1 Font defs for Latin Modern
)
LaTeX Font Info:    External font `lmex10' loaded for size
(Font)              <12> on input line 111.
LaTeX Font Info:    External font `lmex10' loaded for size
(Font)              <8> on input line 111.
LaTeX Font Info:    External font `lmex10' loaded for size
(Font)              <6> on input line 111.
LaTeX Font Info:    Trying to load font information for U+msa on input line 111
.

(c:/Users/Valentina Andrade/AppData/Roaming/TinyTeX/texmf-dist/tex/latex/amsfon
ts/umsa.fd
File: umsa.fd 2013/01/14 v3.01 AMS symbols A
)
LaTeX Font Info:    Trying to load font information for U+msb on input line 111
.

(c:/Users/Valentina Andrade/AppData/Roaming/TinyTeX/texmf-dist/tex/latex/amsfon
ts/umsb.fd
File: umsb.fd 2013/01/14 v3.01 AMS symbols B
) [1

{c:/Users/Valentina Andrade/AppData/Roaming/TinyTeX/texmf-var/fonts/map/pdftex/
updmap/pdftex.map} <../img/logo-ie-uc.png>] [2]
LaTeX Font Info:    External font `lmex10' loaded for size
(Font)              <10> on input line 143.
LaTeX Font Info:    External font `lmex10' loaded for size
(Font)              <7> on input line 143.
LaTeX Font Info:    External font `lmex10' loaded for size
(Font)              <5> on input line 143.

Overfull \hbox (10.75511pt too wide) in paragraph at lines 147--150
[]|[]|  
 []

</tmp/ds1639.png, id=46, 221.82875pt x 161.60374pt>
File: /tmp/ds1639.png Graphic file (type png)
<use /tmp/ds1639.png>
Package pdftex.def Info: /tmp/ds1639.png  used on input line 151.
(pdftex.def)             Requested size: 75.91156pt x 55.3021pt.

Overfull \hbox (10.75511pt too wide) in paragraph at lines 153--156
[]|[]|  
 []

</tmp/ds1640.png, id=47, 221.82875pt x 161.60374pt>
File: /tmp/ds1640.png Graphic file (type png)
<use /tmp/ds1640.png>
Package pdftex.def Info: /tmp/ds1640.png  used on input line 157.
(pdftex.def)             Requested size: 75.91156pt x 55.3021pt.

Overfull \hbox (10.5601pt too wide) in paragraph at lines 159--161
[]|[]|  
 []

</tmp/ds1641.png, id=48, 221.82875pt x 161.60374pt>
File: /tmp/ds1641.png Graphic file (type png)
<use /tmp/ds1641.png>
Package pdftex.def Info: /tmp/ds1641.png  used on input line 162.
(pdftex.def)             Requested size: 75.91156pt x 55.3021pt.

Overfull \hbox (10.75511pt too wide) in paragraph at lines 164--166
[]|[]|  
 []

</tmp/ds1642.png, id=49, 221.82875pt x 161.60374pt>
File: /tmp/ds1642.png Graphic file (type png)
<use /tmp/ds1642.png>
Package pdftex.def Info: /tmp/ds1642.png  used on input line 167.
(pdftex.def)             Requested size: 75.91156pt x 55.3021pt.

Overfull \hbox (1.50327pt too wide) in paragraph at lines 168--168
[]|[]|  
 []


Overfull \hbox (10.75511pt too wide) in paragraph at lines 169--172
[]|[]|  
 []

</tmp/ds1643.png, id=50, 221.82875pt x 161.60374pt>
File: /tmp/ds1643.png Graphic file (type png)
<use /tmp/ds1643.png>
Package pdftex.def Info: /tmp/ds1643.png  used on input line 173.
(pdftex.def)             Requested size: 75.91156pt x 55.3021pt.

Overfull \hbox (10.75511pt too wide) in paragraph at lines 175--177
[]|[]|  
 []

</tmp/ds1644.png, id=51, 221.82875pt x 161.60374pt>
File: /tmp/ds1644.png Graphic file (type png)
<use /tmp/ds1644.png>
Package pdftex.def Info: /tmp/ds1644.png  used on input line 178.
(pdftex.def)             Requested size: 75.91156pt x 55.3021pt.
[3 </tmp/ds1639.png> </tmp/ds1640.png> </tmp/ds1641.png> </tmp/ds1642.png> </tm
p/ds1643.png>]
<01tarea_files/figure-latex/corrploti-1.pdf, id=66, 469.755pt x 325.215pt>
File: 01tarea_files/figure-latex/corrploti-1.pdf Graphic file (type pdf)
<use 01tarea_files/figure-latex/corrploti-1.pdf>
Package pdftex.def Info: 01tarea_files/figure-latex/corrploti-1.pdf  used on in
put line 211.
(pdftex.def)             Requested size: 469.75386pt x 325.2142pt.
<01tarea_files/figure-latex/corrplot2-1.pdf, id=67, 469.755pt x 325.215pt>
File: 01tarea_files/figure-latex/corrplot2-1.pdf Graphic file (type pdf)
<use 01tarea_files/figure-latex/corrplot2-1.pdf>
Package pdftex.def Info: 01tarea_files/figure-latex/corrplot2-1.pdf  used on in
put line 218.
(pdftex.def)             Requested size: 469.75386pt x 325.2142pt.

LaTeX Warning: `h' float specifier changed to `ht'.


Overfull \hbox (40.88385pt too wide) detected at line 271
[] \OT1/lmr/m/n/10 = 0\OML/lmm/m/it/10 :\OT1/lmr/m/n/10 627 + (1\OML/lmm/m/it/1
0 :\OT1/lmr/m/n/10 341 \OMS/lmsy/m/n/10 ^^A \OML/lmm/m/it/10 X[]\OT1/lmr/m/n/10
 ) + (0\OML/lmm/m/it/10 :\OT1/lmr/m/n/10 564 \OMS/lmsy/m/n/10 ^^A \OML/lmm/m/it
/10 X[]\OT1/lmr/m/n/10 ) + (\OMS/lmsy/m/n/10 ^^@\OT1/lmr/m/n/10 2\OML/lmm/m/it/
10 :\OT1/lmr/m/n/10 15 \OMS/lmsy/m/n/10 ^^A \OML/lmm/m/it/10 X[]\OT1/lmr/m/n/10
 ) + (0\OML/lmm/m/it/10 :\OT1/lmr/m/n/10 323 \OMS/lmsy/m/n/10 ^^A \OML/lmm/m/it
/10 X[]\OT1/lmr/m/n/10 ) + (\OMS/lmsy/m/n/10 ^^@\OT1/lmr/m/n/10 0\OML/lmm/m/it/
10 :\OT1/lmr/m/n/10 461 \OMS/lmsy/m/n/10 ^^A \OML/lmm/m/it/10 X[]\OT1/lmr/m/n/1
0 ) + \OML/lmm/m/it/10 u
 []

[4 </tmp/ds1644.png>] [5 <./01tarea_files/figure-latex/corrploti-1.pdf>] [6 <./
01tarea_files/figure-latex/corrplot2-1.pdf>] [7] (./01tarea.aux
LaTeX Info: Redefining \. on input line 25.
LaTeX Info: Redefining \% on input line 25.
)
Package rerunfilecheck Info: File `01tarea.out' has not changed.
(rerunfilecheck)             Checksum: 0F3CF41335163AA4D680A9A8561D6996;1570.
 ) 
Here is how much of TeX's memory you used:
 12280 strings out of 480541
 186389 string characters out of 5899708
 522543 words of memory out of 5000000
 29642 multiletter control sequences out of 15000+600000
 466068 words of font info for 73 fonts, out of 8000000 for 9000
 14 hyphenation exceptions out of 8191
 60i,10n,66p,656b,455s stack positions out of 5000i,500n,10000p,200000b,80000s
{c:/Users/Valentina Andrade/AppData/Roaming/TinyTeX/texmf-dist/fonts/enc/dvip
s/lm/lm-ec.enc}{c:/Users/Valentina Andrade/AppData/Roaming/TinyTeX/texmf-dist/f
onts/enc/dvips/lm/lm-mathsy.enc}{c:/Users/Valentina Andrade/AppData/Roaming/Tin
yTeX/texmf-dist/fonts/enc/dvips/lm/lm-rm.enc}{c:/Users/Valentina Andrade/AppDat
a/Roaming/TinyTeX/texmf-dist/fonts/enc/dvips/lm/lm-mathit.enc}{c:/Users/Valenti
na Andrade/AppData/Roaming/TinyTeX/texmf-dist/fonts/enc/dvips/lm/lm-ts1.enc}<c:
/Users/Valentina Andrade/AppData/Roaming/TinyTeX/texmf-dist/fonts/type1/public/
lm/lmbx10.pfb><c:/Users/Valentina Andrade/AppData/Roaming/TinyTeX/texmf-dist/fo
nts/type1/public/lm/lmbx12.pfb><c:/Users/Valentina Andrade/AppData/Roaming/Tiny
TeX/texmf-dist/fonts/type1/public/lm/lmbx9.pfb><c:/Users/Valentina Andrade/AppD
ata/Roaming/TinyTeX/texmf-dist/fonts/type1/public/lm/lmmi10.pfb><c:/Users/Valen
tina Andrade/AppData/Roaming/TinyTeX/texmf-dist/fonts/type1/public/lm/lmr10.pfb
><c:/Users/Valentina Andrade/AppData/Roaming/TinyTeX/texmf-dist/fonts/type1/pub
lic/lm/lmr12.pfb><c:/Users/Valentina Andrade/AppData/Roaming/TinyTeX/texmf-dist
/fonts/type1/public/lm/lmr17.pfb><c:/Users/Valentina Andrade/AppData/Roaming/Ti
nyTeX/texmf-dist/fonts/type1/public/lm/lmr7.pfb><c:/Users/Valentina Andrade/App
Data/Roaming/TinyTeX/texmf-dist/fonts/type1/public/lm/lmr9.pfb><c:/Users/Valent
ina Andrade/AppData/Roaming/TinyTeX/texmf-dist/fonts/type1/public/lm/lmri7.pfb>
<c:/Users/Valentina Andrade/AppData/Roaming/TinyTeX/texmf-dist/fonts/type1/publ
ic/lm/lmsy10.pfb><c:/Users/Valentina Andrade/AppData/Roaming/TinyTeX/texmf-dist
/fonts/type1/public/lm/lmsy7.pfb><c:/Users/Valentina Andrade/AppData/Roaming/Ti
nyTeX/texmf-dist/fonts/type1/public/amsfonts/symbols/msbm10.pfb>
Output written on 01tarea.pdf (7 pages, 410089 bytes).
PDF statistics:
 200 PDF objects out of 1000 (max. 8388607)
 141 compressed objects within 2 object streams
 24 named destinations out of 1000 (max. 500000)
 94 words of extra memory for PDF output out of 10000 (max. 10000000)

